<?xml version="1.0" encoding="UTF-8"?>
<!-- Generated by org.testng.reporters.JUnitXMLReporter -->
<testsuite ignored="0" hostname="LAPTOP-A8LVSE7A" failures="1" tests="3" name="Surefire test" time="7.903" errors="0" timestamp="2023-09-08T15:56:09 ADT">
  <testcase classname="io.cucumber.testng.AbstractTestNGCucumberTests" name="runScenario" time="5.99">
    <failure type="java.lang.AssertionError" message="expected [true] but found [false]">
      <![CDATA[java.lang.AssertionError: expected [true] but found [false]
at stepDefinitions.LoginScreenPageStepDefinition.the_button_enter_should_be_enabled(LoginScreenPageStepDefinition.java:57)
at âœ½.the button enter should be enabled(file:///C:/Desenvolvimento/workspace/FangFarmUiJavaCucuberSelenium/src/test/java/features/enter-login-credentials.feature:21)
... Removed 4 stack frames]]>
    </failure>
  </testcase> <!-- runScenario -->
  <testcase classname="io.cucumber.testng.AbstractTestNGCucumberTests" name="runScenario" time="6.581"/>
  <testcase classname="io.cucumber.testng.AbstractTestNGCucumberTests" name="runScenario" time="6.889"/>
</testsuite> <!-- Surefire test -->
