-------------------------------------------------------------------------------
Test set: TestSuite
-------------------------------------------------------------------------------
Tests run: 3, Failures: 1, Errors: 0, Skipped: 0, Time elapsed: 8.646 s <<< FAILURE! -- in TestSuite
cucumberOptions.TestNGTestRunner.runScenario["Blank Username and Password", "User Login"](1) -- Time elapsed: 6.001 s <<< FAILURE!
java.lang.AssertionError: expected [true] but found [false]
	at org.testng.Assert.fail(Assert.java:111)
	at org.testng.Assert.failNotEquals(Assert.java:1578)
	at org.testng.Assert.assertTrue(Assert.java:57)
	at org.testng.Assert.assertTrue(Assert.java:67)
	at stepDefinitions.LoginScreenPageStepDefinition.the_button_enter_should_be_enabled(LoginScreenPageStepDefinition.java:57)
	at âœ½.the button enter should be enabled(file:///C:/Desenvolvimento/workspace/FangFarmUiJavaCucuberSelenium/src/test/java/features/enter-login-credentials.feature:21)

