<?xml version="1.0" encoding="UTF-8"?>
<!-- Generated by org.testng.reporters.JUnitReportReporter -->
<testsuite hostname="LAPTOP-A8LVSE7A" failures="1" tests="3" name="cucumberOptions.TestNGTestRunner" time="19.460" errors="0" timestamp="2023-09-08T15:56:09 ADT" skipped="0">
  <testcase classname="cucumberOptions.TestNGTestRunner" name="runScenario" time="6.889"/>
  <testcase classname="cucumberOptions.TestNGTestRunner" name="runScenario" time="6.581"/>
  <testcase classname="cucumberOptions.TestNGTestRunner" name="runScenario" time="5.990">
    <failure message="expected [true] but found [false]" type="java.lang.AssertionError">
      <![CDATA[java.lang.AssertionError: expected [true] but found [false]
at org.testng.Assert.fail(Assert.java:111)
at org.testng.Assert.failNotEquals(Assert.java:1578)
at org.testng.Assert.assertTrue(Assert.java:57)
at org.testng.Assert.assertTrue(Assert.java:67)
at stepDefinitions.LoginScreenPageStepDefinition.the_button_enter_should_be_enabled(LoginScreenPageStepDefinition.java:57)
at âœ½.the button enter should be enabled(file:///C:/Desenvolvimento/workspace/FangFarmUiJavaCucuberSelenium/src/test/java/features/enter-login-credentials.feature:21)
]]>
    </failure>
  </testcase> <!-- runScenario -->
</testsuite> <!-- cucumberOptions.TestNGTestRunner -->
